2024-05-01 12:40:59 DEBUG TelegramBot:47 - Hello
2024-05-01 12:40:59 DEBUG UpdateProducerImpl:20 - Hello
2024-05-01 18:56:19 DEBUG TelegramBot:47 - Hello from Chat
2024-05-01 18:56:19 DEBUG UpdateProducerImpl:20 - Hello from Chat
2024-05-02 14:23:12 DEBUG TelegramBot:47 - Hello from chat2
2024-05-02 14:23:12 DEBUG UpdateProducerImpl:20 - Hello from chat2
2024-05-02 14:25:46 DEBUG TelegramBot:47 - Hello 1 more time
2024-05-02 14:25:46 DEBUG UpdateProducerImpl:20 - Hello 1 more time
2024-05-02 17:09:56 DEBUG TelegramBot:47 - Hi
2024-05-02 17:09:56 DEBUG UpdateProducerImpl:20 - Hi
2024-05-02 20:26:49 DEBUG TelegramBot:47 - /start
2024-05-02 20:26:49 DEBUG UpdateProducerImpl:20 - /start
2024-05-02 20:27:03 DEBUG TelegramBot:47 - /help
2024-05-02 20:27:03 DEBUG UpdateProducerImpl:20 - /help
2024-05-02 20:27:12 DEBUG TelegramBot:47 - /registration
2024-05-02 20:27:12 DEBUG UpdateProducerImpl:20 - /registration
2024-05-02 20:27:13 DEBUG TelegramBot:47 - /registration
2024-05-02 20:27:13 DEBUG UpdateProducerImpl:20 - /registration
2024-05-02 20:27:19 DEBUG TelegramBot:47 - /cancel
2024-05-02 20:27:19 DEBUG UpdateProducerImpl:20 - /cancel
2024-05-02 20:27:21 DEBUG TelegramBot:47 - /cancel
2024-05-02 20:27:21 DEBUG UpdateProducerImpl:20 - /cancel
2024-05-02 20:27:30 DEBUG TelegramBot:47 - /some
2024-05-02 20:27:30 DEBUG UpdateProducerImpl:20 - /some
2024-05-02 20:27:32 DEBUG TelegramBot:47 - /help
2024-05-02 20:27:32 DEBUG UpdateProducerImpl:20 - /help
2024-05-02 20:28:02 DEBUG TelegramBot:47 - 
2024-05-02 20:28:02 DEBUG UpdateProducerImpl:20 - 
2024-05-02 20:28:08 DEBUG TelegramBot:47 - 
2024-05-02 20:28:08 DEBUG UpdateProducerImpl:20 - 
2024-05-03 10:57:14 DEBUG TelegramBot:47 - ку
2024-05-03 10:57:14 DEBUG UpdateProducerImpl:20 - ку
2024-05-03 10:57:19 DEBUG TelegramBot:47 - /help
2024-05-03 10:57:19 DEBUG UpdateProducerImpl:20 - /help
2024-05-03 10:57:22 DEBUG TelegramBot:47 - /start
2024-05-03 10:57:22 DEBUG UpdateProducerImpl:20 - /start
2024-05-03 10:57:33 DEBUG TelegramBot:47 - /start
2024-05-03 10:57:33 DEBUG UpdateProducerImpl:20 - /start
2024-05-03 10:57:59 DEBUG TelegramBot:47 - /cancel
2024-05-03 10:57:59 DEBUG UpdateProducerImpl:20 - /cancel
2024-05-03 10:58:04 DEBUG TelegramBot:47 - /registration
2024-05-03 10:58:04 DEBUG UpdateProducerImpl:20 - /registration
2024-05-03 10:58:19 DEBUG TelegramBot:47 - 
2024-05-03 10:58:19 DEBUG UpdateProducerImpl:20 - 
2024-05-03 11:03:16 DEBUG TelegramBot:47 - 
2024-05-03 11:03:16 DEBUG UpdateProducerImpl:20 - 
2024-05-03 11:03:24 DEBUG TelegramBot:47 - 
2024-05-03 11:03:24 DEBUG UpdateProducerImpl:20 - 
